15:22:14.786 [main] INFO  org.testng.internal.Utils - [Utils] MethodGroupsHelper.collectMethodsByGroup() took 1 ms.
15:22:14.799 [main] INFO  org.testng.internal.Utils - [Utils] MethodGroupsHelper.sortMethods() took 6 ms.
15:22:14.803 [main] INFO  org.testng.internal.Utils - [Utils] MethodGroupsHelper.collectMethodsByGroup() took 0 ms.
15:22:14.804 [main] INFO  org.testng.internal.Utils - [Utils] MethodGroupsHelper.sortMethods() took 0 ms.
15:22:14.805 [main] INFO  org.testng.internal.Utils - [Utils] MethodGroupsHelper.collectMethodsByGroup() took 0 ms.
15:22:14.805 [main] INFO  org.testng.internal.Utils - [Utils] MethodGroupsHelper.sortMethods() took 0 ms.
15:22:14.809 [main] INFO  org.testng.internal.Utils - [Utils] MethodGroupsHelper.collectMethodsByGroup() took 0 ms.
15:22:14.810 [main] INFO  org.testng.internal.Utils - [Utils] MethodGroupsHelper.sortMethods() took 0 ms.
15:22:14.821 [main] INFO  org.testng.internal.Utils - [Utils] MethodGroupsHelper.collectMethodsByGroup() took 8 ms.
15:22:14.835 [main] INFO  org.testng.internal.Utils - [Utils] MethodGroupsHelper.sortMethods() took 13 ms.
15:22:14.837 [main] INFO  org.testng.internal.Utils - [Utils] MethodGroupsHelper.collectMethodsByGroup() took 0 ms.
15:22:14.838 [main] INFO  org.testng.internal.Utils - [Utils] MethodGroupsHelper.sortMethods() took 1 ms.
15:22:14.840 [main] INFO  org.testng.internal.Utils - [Utils] MethodGroupsHelper.collectMethodsByGroup() took 0 ms.
15:22:14.840 [main] INFO  org.testng.internal.Utils - [Utils] MethodGroupsHelper.sortMethods() took 0 ms.
15:22:14.841 [main] INFO  org.testng.internal.Utils - [Utils] MethodGroupsHelper.collectMethodsByGroup() took 0 ms.
15:22:14.841 [main] INFO  org.testng.internal.Utils - [Utils] MethodGroupsHelper.sortMethods() took 0 ms.
15:22:14.845 [main] INFO  org.testng.internal.Utils - [Utils] MethodGroupsHelper.collectMethodsByGroup() took 0 ms.
15:22:14.845 [main] INFO  org.testng.internal.Utils - [Utils] MethodGroupsHelper.sortMethods() took 0 ms.
15:22:14.846 [main] INFO  org.testng.internal.Utils - [Utils] MethodGroupsHelper.collectMethodsByGroup() took 0 ms.
15:22:14.847 [main] INFO  org.testng.internal.Utils - [Utils] MethodGroupsHelper.sortMethods() took 0 ms.
15:22:14.853 [main] INFO  org.testng.internal.Utils - [Utils] MethodGroupsHelper.collectMethodsByGroup() took 0 ms.
15:22:14.853 [main] INFO  org.testng.internal.Utils - [Utils] MethodGroupsHelper.sortMethods() took 0 ms.
15:22:14.853 [main] INFO  org.testng.internal.Utils - [Utils] MethodGroupsHelper.collectMethodsByGroup() took 0 ms.
15:22:14.853 [main] INFO  org.testng.internal.Utils - [Utils] MethodGroupsHelper.sortMethods() took 0 ms.
15:22:14.855 [main] INFO  org.testng.internal.Utils - [Utils] MethodGroupsHelper.collectMethodsByGroup() took 0 ms.
15:22:14.856 [main] INFO  org.testng.internal.Utils - [Utils] MethodGroupsHelper.sortMethods() took 0 ms.
15:22:14.857 [main] INFO  org.testng.internal.Utils - [Utils] MethodGroupsHelper.collectMethodsByGroup() took 0 ms.
15:22:14.858 [main] INFO  org.testng.internal.Utils - [Utils] MethodGroupsHelper.sortMethods() took 0 ms.
15:22:14.858 [main] INFO  org.testng.internal.Utils - [Utils] MethodGroupsHelper.collectMethodsByGroup() took 0 ms.
15:22:14.858 [main] INFO  org.testng.internal.Utils - [Utils] MethodGroupsHelper.sortMethods() took 0 ms.
15:22:14.870 [main] INFO  org.testng.internal.Utils - [TestNG] Running:
  C:\Users\Hajira\AppData\Local\Temp\testng-eclipse-1128003720\testng-customsuite.xml

15:22:14.904 [main] INFO  org.testng.internal.Utils - [Utils] DynamicGraphHelper.createDynamicGraph() took 7 ms.
15:22:25.244 [main] INFO  testCases.TC001_Register - ***Testcase started TC001_Register  ***
15:22:26.393 [main] INFO  testCases.TC001_Register - Clicked on  Register link
15:22:26.857 [main] INFO  testCases.TC001_Register - Clicked on  radio button
15:22:30.294 [main] INFO  testCases.TC001_Register - Entered first name
15:22:33.995 [main] INFO  testCases.TC001_Register - Entered last name
15:22:37.412 [main] INFO  testCases.TC001_Register - Entered email id
15:22:44.170 [main] INFO  testCases.TC001_Register - Entered Pwd and Confirm pwd
15:22:48.692 [main] INFO  testCases.TC001_Register - Clicked on  Register liuttonnk
15:22:51.779 [main] INFO  testCases.TC001_Register - Gets the conmfirmation mesg
15:22:51.779 [main] ERROR testCases.TC001_Register - Test failed 
15:22:53.288 [main] INFO  org.testng.internal.Utils - [TestNG] Time taken by org.testng.reporters.jq.Main@3104351d: 220 ms
15:22:53.365 [main] INFO  org.testng.internal.Utils - [TestNG] Time taken by org.testng.reporters.FailedReporter@511505e7: 75 ms
15:22:53.417 [main] INFO  org.testng.internal.Utils - [TestNG] Time taken by org.testng.reporters.XMLReporter@57adfab0: 50 ms
15:22:53.445 [main] INFO  org.testng.internal.Utils - [TestNG] Time taken by org.testng.reporters.EmailableReporter2@3015db78: 27 ms
15:22:53.473 [main] INFO  org.testng.internal.Utils - [TestNG] Time taken by org.testng.reporters.JUnitReportReporter@7f9ab969: 27 ms
15:22:53.475 [main] INFO  org.testng.internal.Utils - [TestNG] Time taken by org.testng.internal.ExitCodeListener@12f8b1d8: 0 ms
15:46:52.415 [main] INFO  org.testng.internal.Utils - [TestNG] Running:
  C:\Users\Hajira\SecurdenWorkspace\FrameworkPractice\Master.xml

15:47:22.170 [main] INFO  testCases.TC001_Register - ***Testcase started TC001_Register  ***
15:47:23.349 [main] INFO  testCases.TC001_Register - Clicked on  Register link
15:47:23.523 [main] INFO  testCases.TC001_Register - Clicked on  radio button
15:47:26.839 [main] INFO  testCases.TC001_Register - Entered first name
15:47:30.012 [main] INFO  testCases.TC001_Register - Entered last name
15:47:33.671 [main] INFO  testCases.TC001_Register - Entered email id
15:47:39.985 [main] INFO  testCases.TC001_Register - Entered Pwd and Confirm pwd
15:47:44.193 [main] INFO  testCases.TC001_Register - Clicked on  Register liuttonnk
15:47:47.220 [main] INFO  testCases.TC001_Register - Gets the conmfirmation mesg
15:47:47.220 [main] ERROR testCases.TC001_Register - Test failed 
15:58:06.339 [main] INFO  org.testng.internal.Utils - [TestNG] Running:
  C:\Users\Hajira\SecurdenWorkspace\FrameworkPractice\ParallelTest.xml

15:58:14.970 [main] INFO  testCases.TC001_Register - ***Testcase started TC001_Register  ***
15:58:18.046 [main] INFO  testCases.TC001_Register - Clicked on  Register link
15:58:18.362 [main] INFO  testCases.TC001_Register - Clicked on  radio button
15:58:21.744 [main] INFO  testCases.TC001_Register - Entered first name
15:58:25.134 [main] INFO  testCases.TC001_Register - Entered last name
15:58:28.518 [main] INFO  testCases.TC001_Register - Entered email id
15:58:37.631 [main] INFO  testCases.TC001_Register - Entered Pwd and Confirm pwd
15:58:42.154 [main] INFO  testCases.TC001_Register - Clicked on  Register liuttonnk
15:58:45.267 [main] INFO  testCases.TC001_Register - Gets the conmfirmation mesg
15:58:45.269 [main] ERROR testCases.TC001_Register - Test failed 
15:59:10.734 [main] INFO  testCases.TC001_Register - ***Testcase started TC001_Register  ***
15:59:11.917 [main] INFO  testCases.TC001_Register - Clicked on  Register link
15:59:12.109 [main] INFO  testCases.TC001_Register - Clicked on  radio button
15:59:15.335 [main] INFO  testCases.TC001_Register - Entered first name
15:59:18.510 [main] INFO  testCases.TC001_Register - Entered last name
15:59:21.737 [main] INFO  testCases.TC001_Register - Entered email id
15:59:28.131 [main] INFO  testCases.TC001_Register - Entered Pwd and Confirm pwd
15:59:32.747 [main] INFO  testCases.TC001_Register - Clicked on  Register liuttonnk
15:59:35.790 [main] INFO  testCases.TC001_Register - Gets the conmfirmation mesg
15:59:35.790 [main] ERROR testCases.TC001_Register - Test failed 
15:59:37.452 [main] INFO  testCases.TC001_Register - ***Testcase started TC001_Register  ***
16:00:20.858 [main] INFO  org.testng.internal.Utils - [TestNG] Running:
  C:\Users\Hajira\SecurdenWorkspace\FrameworkPractice\ParallelTest.xml

16:00:29.275 [main] INFO  testCases.TC001_Register - ***Testcase started TC001_Register  ***
16:00:30.251 [main] INFO  testCases.TC001_Register - Clicked on  Register link
16:00:30.582 [main] INFO  testCases.TC001_Register - Clicked on  radio button
16:00:33.983 [main] INFO  testCases.TC001_Register - Entered first name
16:00:37.349 [main] INFO  testCases.TC001_Register - Entered last name
16:00:40.738 [main] INFO  testCases.TC001_Register - Entered email id
16:00:48.386 [main] INFO  testCases.TC001_Register - Entered Pwd and Confirm pwd
16:00:52.628 [main] INFO  testCases.TC001_Register - Clicked on  Register liuttonnk
16:00:55.729 [main] INFO  testCases.TC001_Register - Gets the conmfirmation mesg
16:00:55.729 [main] ERROR testCases.TC001_Register - Test failed 
16:01:15.505 [main] INFO  testCases.TC001_Register - ***Testcase started TC001_Register  ***
16:01:16.418 [main] INFO  testCases.TC001_Register - Clicked on  Register link
16:01:16.593 [main] INFO  testCases.TC001_Register - Clicked on  radio button
16:01:19.797 [main] INFO  testCases.TC001_Register - Entered first name
16:01:22.998 [main] INFO  testCases.TC001_Register - Entered last name
16:01:26.178 [main] INFO  testCases.TC001_Register - Entered email id
16:01:32.490 [main] INFO  testCases.TC001_Register - Entered Pwd and Confirm pwd
16:01:36.725 [main] INFO  testCases.TC001_Register - Clicked on  Register liuttonnk
16:01:39.762 [main] INFO  testCases.TC001_Register - Gets the conmfirmation mesg
16:01:39.763 [main] ERROR testCases.TC001_Register - Test failed 
16:01:43.019 [main] INFO  testCases.TC001_Register - ***Testcase started TC001_Register  ***
16:02:41.870 [main] INFO  org.testng.internal.Utils - [TestNG] Running:
  C:\Users\Hajira\SecurdenWorkspace\FrameworkPractice\ParallelTest.xml

16:02:54.451 [main] INFO  testCases.TC001_Register - ***Testcase started TC001_Register  ***
16:02:55.569 [main] INFO  testCases.TC001_Register - Clicked on  Register link
16:02:56.018 [main] INFO  testCases.TC001_Register - Clicked on  radio button
16:03:00.523 [main] INFO  testCases.TC001_Register - Entered first name
16:03:06.203 [main] INFO  testCases.TC001_Register - Entered last name
16:03:17.073 [main] INFO  testCases.TC001_Register - Entered email id
16:03:26.309 [main] INFO  testCases.TC001_Register - Entered Pwd and Confirm pwd
16:03:31.107 [main] INFO  testCases.TC001_Register - Clicked on  Register liuttonnk
16:03:34.215 [main] INFO  testCases.TC001_Register - Gets the conmfirmation mesg
16:03:34.218 [main] ERROR testCases.TC001_Register - Test failed 
16:03:57.460 [main] INFO  testCases.TC001_Register - ***Testcase started TC001_Register  ***
16:03:58.543 [main] INFO  testCases.TC001_Register - Clicked on  Register link
16:03:58.754 [main] INFO  testCases.TC001_Register - Clicked on  radio button
16:04:01.949 [main] INFO  testCases.TC001_Register - Entered first name
16:04:05.135 [main] INFO  testCases.TC001_Register - Entered last name
16:04:08.363 [main] INFO  testCases.TC001_Register - Entered email id
16:04:14.720 [main] INFO  testCases.TC001_Register - Entered Pwd and Confirm pwd
16:04:19.350 [main] INFO  testCases.TC001_Register - Clicked on  Register liuttonnk
16:04:22.397 [main] INFO  testCases.TC001_Register - Gets the conmfirmation mesg
16:04:22.397 [main] ERROR testCases.TC001_Register - Test failed 
16:04:42.637 [main] INFO  testCases.TC001_Register - ***Testcase started TC001_Register  ***
16:04:46.077 [main] INFO  testCases.TC001_Register - Clicked on  Register link
16:04:46.414 [main] INFO  testCases.TC001_Register - Clicked on  radio button
16:04:49.898 [main] INFO  testCases.TC001_Register - Entered first name
16:04:53.780 [main] INFO  testCases.TC001_Register - Entered last name
16:04:57.173 [main] INFO  testCases.TC001_Register - Entered email id
16:05:03.929 [main] INFO  testCases.TC001_Register - Entered Pwd and Confirm pwd
16:05:08.304 [main] INFO  testCases.TC001_Register - Clicked on  Register liuttonnk
16:05:11.383 [main] INFO  testCases.TC001_Register - Gets the conmfirmation mesg
16:05:11.383 [main] ERROR testCases.TC001_Register - Test failed 
16:10:57.552 [main] INFO  org.testng.internal.Utils - [TestNG] Running:
  C:\Users\Hajira\SecurdenWorkspace\FrameworkPractice\ParallelTest.xml

16:11:12.971 [TestNG-tests-3] INFO  testCases.TC001_Register - ***Testcase started TC001_Register  ***
16:11:14.775 [TestNG-tests-1] INFO  testCases.TC001_Register - ***Testcase started TC001_Register  ***
16:11:16.810 [TestNG-tests-1] INFO  testCases.TC001_Register - Clicked on  Register link
16:11:17.433 [TestNG-tests-3] INFO  testCases.TC001_Register - Clicked on  Register link
16:11:17.704 [TestNG-tests-1] INFO  testCases.TC001_Register - Clicked on  radio button
16:11:18.041 [TestNG-tests-3] INFO  testCases.TC001_Register - Clicked on  radio button
16:11:23.139 [TestNG-tests-1] INFO  testCases.TC001_Register - Entered first name
16:11:23.249 [TestNG-tests-3] INFO  testCases.TC001_Register - Entered first name
16:11:28.190 [TestNG-tests-1] INFO  testCases.TC001_Register - Entered last name
16:11:28.292 [TestNG-tests-3] INFO  testCases.TC001_Register - Entered last name
16:11:32.097 [TestNG-tests-1] INFO  testCases.TC001_Register - Entered email id
16:11:32.304 [TestNG-tests-3] INFO  testCases.TC001_Register - Entered email id
16:11:41.019 [TestNG-tests-1] INFO  testCases.TC001_Register - Entered Pwd and Confirm pwd
16:11:41.721 [TestNG-tests-3] INFO  testCases.TC001_Register - Entered Pwd and Confirm pwd
16:11:45.865 [TestNG-tests-1] INFO  testCases.TC001_Register - Clicked on  Register liuttonnk
16:11:47.105 [TestNG-tests-3] INFO  testCases.TC001_Register - Clicked on  Register liuttonnk
16:11:47.715 [TestNG-tests-2] INFO  testCases.TC001_Register - ***Testcase started TC001_Register  ***
16:11:49.119 [TestNG-tests-1] INFO  testCases.TC001_Register - Gets the conmfirmation mesg
16:11:49.119 [TestNG-tests-1] ERROR testCases.TC001_Register - Test failed 
16:11:50.395 [TestNG-tests-3] INFO  testCases.TC001_Register - Gets the conmfirmation mesg
16:11:50.400 [TestNG-tests-3] ERROR testCases.TC001_Register - Test failed 
16:11:50.580 [TestNG-tests-2] INFO  testCases.TC001_Register - Clicked on  Register link
16:11:51.000 [TestNG-tests-2] INFO  testCases.TC001_Register - Clicked on  radio button
16:11:54.221 [TestNG-tests-2] INFO  testCases.TC001_Register - Entered first name
16:11:57.419 [TestNG-tests-2] INFO  testCases.TC001_Register - Entered last name
16:12:00.610 [TestNG-tests-2] INFO  testCases.TC001_Register - Entered email id
16:12:06.969 [TestNG-tests-2] INFO  testCases.TC001_Register - Entered Pwd and Confirm pwd
16:12:11.437 [TestNG-tests-2] INFO  testCases.TC001_Register - Clicked on  Register liuttonnk
16:12:14.478 [TestNG-tests-2] INFO  testCases.TC001_Register - Gets the conmfirmation mesg
16:12:14.478 [TestNG-tests-2] ERROR testCases.TC001_Register - Test failed 
16:24:07.667 [main] INFO  org.testng.internal.Utils - [Utils] MethodGroupsHelper.collectMethodsByGroup() took 2 ms.
16:24:07.687 [main] INFO  org.testng.internal.Utils - [Utils] MethodGroupsHelper.sortMethods() took 6 ms.
16:24:07.687 [main] INFO  org.testng.internal.Utils - [Utils] MethodGroupsHelper.collectMethodsByGroup() took 0 ms.
16:24:07.687 [main] INFO  org.testng.internal.Utils - [Utils] MethodGroupsHelper.sortMethods() took 0 ms.
16:24:07.695 [main] INFO  org.testng.internal.Utils - [Utils] MethodGroupsHelper.collectMethodsByGroup() took 0 ms.
16:24:07.696 [main] INFO  org.testng.internal.Utils - [Utils] MethodGroupsHelper.sortMethods() took 0 ms.
16:24:07.700 [main] INFO  org.testng.internal.Utils - [Utils] MethodGroupsHelper.collectMethodsByGroup() took 0 ms.
16:24:07.701 [main] INFO  org.testng.internal.Utils - [Utils] MethodGroupsHelper.sortMethods() took 0 ms.
16:24:07.720 [main] INFO  org.testng.internal.Utils - [Utils] MethodGroupsHelper.collectMethodsByGroup() took 14 ms.
16:24:07.747 [main] INFO  org.testng.internal.Utils - [Utils] MethodGroupsHelper.sortMethods() took 24 ms.
16:24:07.756 [main] INFO  org.testng.internal.Utils - [Utils] MethodGroupsHelper.collectMethodsByGroup() took 0 ms.
16:24:07.756 [main] INFO  org.testng.internal.Utils - [Utils] MethodGroupsHelper.sortMethods() took 0 ms.
16:24:07.756 [main] INFO  org.testng.internal.Utils - [Utils] MethodGroupsHelper.collectMethodsByGroup() took 0 ms.
16:24:07.756 [main] INFO  org.testng.internal.Utils - [Utils] MethodGroupsHelper.sortMethods() took 0 ms.
16:24:07.761 [main] INFO  org.testng.internal.Utils - [Utils] MethodGroupsHelper.collectMethodsByGroup() took 0 ms.
16:24:07.761 [main] INFO  org.testng.internal.Utils - [Utils] MethodGroupsHelper.sortMethods() took 0 ms.
16:24:07.769 [main] INFO  org.testng.internal.Utils - [Utils] MethodGroupsHelper.collectMethodsByGroup() took 0 ms.
16:24:07.769 [main] INFO  org.testng.internal.Utils - [Utils] MethodGroupsHelper.sortMethods() took 0 ms.
16:24:07.769 [main] INFO  org.testng.internal.Utils - [Utils] MethodGroupsHelper.collectMethodsByGroup() took 0 ms.
16:24:07.769 [main] INFO  org.testng.internal.Utils - [Utils] MethodGroupsHelper.sortMethods() took 0 ms.
16:24:07.777 [main] INFO  org.testng.internal.Utils - [Utils] MethodGroupsHelper.collectMethodsByGroup() took 0 ms.
16:24:07.777 [main] INFO  org.testng.internal.Utils - [Utils] MethodGroupsHelper.sortMethods() took 0 ms.
16:24:07.777 [main] INFO  org.testng.internal.Utils - [Utils] MethodGroupsHelper.collectMethodsByGroup() took 0 ms.
16:24:07.781 [main] INFO  org.testng.internal.Utils - [Utils] MethodGroupsHelper.sortMethods() took 0 ms.
16:24:07.783 [main] INFO  org.testng.internal.Utils - [Utils] MethodGroupsHelper.collectMethodsByGroup() took 2 ms.
16:24:07.786 [main] INFO  org.testng.internal.Utils - [Utils] MethodGroupsHelper.sortMethods() took 1 ms.
16:24:07.789 [main] INFO  org.testng.internal.Utils - [Utils] MethodGroupsHelper.collectMethodsByGroup() took 0 ms.
16:24:07.789 [main] INFO  org.testng.internal.Utils - [Utils] MethodGroupsHelper.sortMethods() took 0 ms.
16:24:07.791 [main] INFO  org.testng.internal.Utils - [Utils] MethodGroupsHelper.collectMethodsByGroup() took 0 ms.
16:24:07.791 [main] INFO  org.testng.internal.Utils - [Utils] MethodGroupsHelper.sortMethods() took 0 ms.
16:24:07.818 [main] INFO  org.testng.internal.Utils - [TestNG] Running:
  C:\Users\Hajira\AppData\Local\Temp\testng-eclipse-1584815036\testng-customsuite.xml

16:24:07.886 [main] INFO  org.testng.internal.Utils - [Utils] DynamicGraphHelper.createDynamicGraph() took 18 ms.
16:24:08.608 [main] INFO  org.testng.internal.Utils - [TestNG] Time taken by org.testng.reporters.jq.Main@2a2c13a8: 303 ms
16:24:08.684 [main] INFO  org.testng.internal.Utils - [TestNG] Time taken by org.testng.reporters.FailedReporter@45e37a7e: 76 ms
16:24:08.722 [main] INFO  org.testng.internal.Utils - [TestNG] Time taken by org.testng.reporters.XMLReporter@68b6f0d6: 38 ms
16:24:08.755 [main] INFO  org.testng.internal.Utils - [TestNG] Time taken by org.testng.reporters.EmailableReporter2@4c398c80: 33 ms
16:24:08.804 [main] INFO  org.testng.internal.Utils - [TestNG] Time taken by org.testng.reporters.JUnitReportReporter@40cb698e: 48 ms
16:24:08.806 [main] INFO  org.testng.internal.Utils - [TestNG] Time taken by org.testng.internal.ExitCodeListener@3382f8ae: 0 ms
16:24:25.758 [main] INFO  org.testng.internal.Utils - [Utils] MethodGroupsHelper.collectMethodsByGroup() took 2 ms.
16:24:25.769 [main] INFO  org.testng.internal.Utils - [Utils] MethodGroupsHelper.sortMethods() took 2 ms.
16:24:25.771 [main] INFO  org.testng.internal.Utils - [Utils] MethodGroupsHelper.collectMethodsByGroup() took 0 ms.
16:24:25.771 [main] INFO  org.testng.internal.Utils - [Utils] MethodGroupsHelper.sortMethods() took 0 ms.
16:24:25.772 [main] INFO  org.testng.internal.Utils - [Utils] MethodGroupsHelper.collectMethodsByGroup() took 0 ms.
16:24:25.772 [main] INFO  org.testng.internal.Utils - [Utils] MethodGroupsHelper.sortMethods() took 0 ms.
16:24:25.773 [main] INFO  org.testng.internal.Utils - [Utils] MethodGroupsHelper.collectMethodsByGroup() took 0 ms.
16:24:25.773 [main] INFO  org.testng.internal.Utils - [Utils] MethodGroupsHelper.sortMethods() took 0 ms.
16:24:25.783 [main] INFO  org.testng.internal.Utils - [Utils] MethodGroupsHelper.collectMethodsByGroup() took 7 ms.
16:24:25.798 [main] INFO  org.testng.internal.Utils - [Utils] MethodGroupsHelper.sortMethods() took 14 ms.
16:24:25.801 [main] INFO  org.testng.internal.Utils - [Utils] MethodGroupsHelper.collectMethodsByGroup() took 0 ms.
16:24:25.802 [main] INFO  org.testng.internal.Utils - [Utils] MethodGroupsHelper.sortMethods() took 1 ms.
16:24:25.804 [main] INFO  org.testng.internal.Utils - [Utils] MethodGroupsHelper.collectMethodsByGroup() took 0 ms.
16:24:25.804 [main] INFO  org.testng.internal.Utils - [Utils] MethodGroupsHelper.sortMethods() took 0 ms.
16:24:25.805 [main] INFO  org.testng.internal.Utils - [Utils] MethodGroupsHelper.collectMethodsByGroup() took 0 ms.
16:24:25.805 [main] INFO  org.testng.internal.Utils - [Utils] MethodGroupsHelper.sortMethods() took 0 ms.
16:24:25.807 [main] INFO  org.testng.internal.Utils - [Utils] MethodGroupsHelper.collectMethodsByGroup() took 0 ms.
16:24:25.807 [main] INFO  org.testng.internal.Utils - [Utils] MethodGroupsHelper.sortMethods() took 0 ms.
16:24:25.808 [main] INFO  org.testng.internal.Utils - [Utils] MethodGroupsHelper.collectMethodsByGroup() took 0 ms.
16:24:25.808 [main] INFO  org.testng.internal.Utils - [Utils] MethodGroupsHelper.sortMethods() took 0 ms.
16:24:25.814 [main] INFO  org.testng.internal.Utils - [Utils] MethodGroupsHelper.collectMethodsByGroup() took 0 ms.
16:24:25.814 [main] INFO  org.testng.internal.Utils - [Utils] MethodGroupsHelper.sortMethods() took 0 ms.
16:24:25.814 [main] INFO  org.testng.internal.Utils - [Utils] MethodGroupsHelper.collectMethodsByGroup() took 0 ms.
16:24:25.814 [main] INFO  org.testng.internal.Utils - [Utils] MethodGroupsHelper.sortMethods() took 0 ms.
16:24:25.817 [main] INFO  org.testng.internal.Utils - [Utils] MethodGroupsHelper.collectMethodsByGroup() took 1 ms.
16:24:25.817 [main] INFO  org.testng.internal.Utils - [Utils] MethodGroupsHelper.sortMethods() took 0 ms.
16:24:25.819 [main] INFO  org.testng.internal.Utils - [Utils] MethodGroupsHelper.collectMethodsByGroup() took 0 ms.
16:24:25.819 [main] INFO  org.testng.internal.Utils - [Utils] MethodGroupsHelper.sortMethods() took 0 ms.
16:24:25.819 [main] INFO  org.testng.internal.Utils - [Utils] MethodGroupsHelper.collectMethodsByGroup() took 0 ms.
16:24:25.819 [main] INFO  org.testng.internal.Utils - [Utils] MethodGroupsHelper.sortMethods() took 0 ms.
16:24:25.834 [main] INFO  org.testng.internal.Utils - [TestNG] Running:
  C:\Users\Hajira\AppData\Local\Temp\testng-eclipse-50066997\testng-customsuite.xml

16:24:25.871 [main] INFO  org.testng.internal.Utils - [Utils] DynamicGraphHelper.createDynamicGraph() took 6 ms.
16:24:26.406 [main] INFO  org.testng.internal.Utils - [TestNG] Time taken by org.testng.reporters.jq.Main@2a2c13a8: 214 ms
16:24:26.462 [main] INFO  org.testng.internal.Utils - [TestNG] Time taken by org.testng.reporters.FailedReporter@45e37a7e: 56 ms
16:24:26.516 [main] INFO  org.testng.internal.Utils - [TestNG] Time taken by org.testng.reporters.XMLReporter@68b6f0d6: 53 ms
16:24:26.552 [main] INFO  org.testng.internal.Utils - [TestNG] Time taken by org.testng.reporters.EmailableReporter2@4c398c80: 36 ms
16:24:26.586 [main] INFO  org.testng.internal.Utils - [TestNG] Time taken by org.testng.reporters.JUnitReportReporter@3382f8ae: 34 ms
16:24:26.586 [main] INFO  org.testng.internal.Utils - [TestNG] Time taken by org.testng.internal.ExitCodeListener@60641ec8: 0 ms
13:11:00.493 [main] INFO  org.testng.internal.Utils - [TestNG] Running:
  C:\Users\Hajira\SecurdenWorkspace\FrameworkPractice\Master.xml

13:11:26.297 [main] INFO  org.testng.internal.Utils - [TestNG] Running:
  C:\Users\Hajira\SecurdenWorkspace\FrameworkPractice\Master.xml

13:12:52.463 [main] INFO  org.testng.internal.Utils - [Utils] MethodGroupsHelper.collectMethodsByGroup() took 0 ms.
13:12:52.470 [main] INFO  org.testng.internal.Utils - [Utils] MethodGroupsHelper.sortMethods() took 1 ms.
13:12:52.471 [main] INFO  org.testng.internal.Utils - [Utils] MethodGroupsHelper.collectMethodsByGroup() took 0 ms.
13:12:52.472 [main] INFO  org.testng.internal.Utils - [Utils] MethodGroupsHelper.sortMethods() took 0 ms.
13:12:52.473 [main] INFO  org.testng.internal.Utils - [Utils] MethodGroupsHelper.collectMethodsByGroup() took 0 ms.
13:12:52.473 [main] INFO  org.testng.internal.Utils - [Utils] MethodGroupsHelper.sortMethods() took 0 ms.
13:12:52.473 [main] INFO  org.testng.internal.Utils - [Utils] MethodGroupsHelper.collectMethodsByGroup() took 0 ms.
13:12:52.473 [main] INFO  org.testng.internal.Utils - [Utils] MethodGroupsHelper.sortMethods() took 0 ms.
13:12:52.480 [main] INFO  org.testng.internal.Utils - [Utils] MethodGroupsHelper.collectMethodsByGroup() took 5 ms.
13:12:52.488 [main] INFO  org.testng.internal.Utils - [Utils] MethodGroupsHelper.sortMethods() took 8 ms.
13:12:52.489 [main] INFO  org.testng.internal.Utils - [Utils] MethodGroupsHelper.collectMethodsByGroup() took 0 ms.
13:12:52.491 [main] INFO  org.testng.internal.Utils - [Utils] MethodGroupsHelper.sortMethods() took 0 ms.
13:12:52.491 [main] INFO  org.testng.internal.Utils - [Utils] MethodGroupsHelper.collectMethodsByGroup() took 0 ms.
13:12:52.491 [main] INFO  org.testng.internal.Utils - [Utils] MethodGroupsHelper.sortMethods() took 0 ms.
13:12:52.492 [main] INFO  org.testng.internal.Utils - [Utils] MethodGroupsHelper.collectMethodsByGroup() took 0 ms.
13:12:52.492 [main] INFO  org.testng.internal.Utils - [Utils] MethodGroupsHelper.sortMethods() took 0 ms.
13:12:52.494 [main] INFO  org.testng.internal.Utils - [Utils] MethodGroupsHelper.collectMethodsByGroup() took 0 ms.
13:12:52.494 [main] INFO  org.testng.internal.Utils - [Utils] MethodGroupsHelper.sortMethods() took 0 ms.
13:12:52.495 [main] INFO  org.testng.internal.Utils - [Utils] MethodGroupsHelper.collectMethodsByGroup() took 0 ms.
13:12:52.495 [main] INFO  org.testng.internal.Utils - [Utils] MethodGroupsHelper.sortMethods() took 0 ms.
13:12:52.498 [main] INFO  org.testng.internal.Utils - [Utils] MethodGroupsHelper.collectMethodsByGroup() took 0 ms.
13:12:52.499 [main] INFO  org.testng.internal.Utils - [Utils] MethodGroupsHelper.sortMethods() took 0 ms.
13:12:52.499 [main] INFO  org.testng.internal.Utils - [Utils] MethodGroupsHelper.collectMethodsByGroup() took 0 ms.
13:12:52.499 [main] INFO  org.testng.internal.Utils - [Utils] MethodGroupsHelper.sortMethods() took 0 ms.
13:12:52.500 [main] INFO  org.testng.internal.Utils - [Utils] MethodGroupsHelper.collectMethodsByGroup() took 1 ms.
13:12:52.500 [main] INFO  org.testng.internal.Utils - [Utils] MethodGroupsHelper.sortMethods() took 0 ms.
13:12:52.502 [main] INFO  org.testng.internal.Utils - [Utils] MethodGroupsHelper.collectMethodsByGroup() took 0 ms.
13:12:52.502 [main] INFO  org.testng.internal.Utils - [Utils] MethodGroupsHelper.sortMethods() took 0 ms.
13:12:52.502 [main] INFO  org.testng.internal.Utils - [Utils] MethodGroupsHelper.collectMethodsByGroup() took 0 ms.
13:12:52.502 [main] INFO  org.testng.internal.Utils - [Utils] MethodGroupsHelper.sortMethods() took 0 ms.
13:12:52.511 [main] INFO  org.testng.internal.Utils - [TestNG] Running:
  C:\Users\Hajira\AppData\Local\Temp\testng-eclipse--2076252871\testng-customsuite.xml

13:12:52.532 [main] INFO  org.testng.internal.Utils - [Utils] DynamicGraphHelper.createDynamicGraph() took 4 ms.
13:12:52.939 [main] INFO  org.testng.internal.Utils - [TestNG] Time taken by org.testng.reporters.jq.Main@2a2c13a8: 253 ms
13:12:52.957 [main] INFO  org.testng.internal.Utils - [TestNG] Time taken by org.testng.reporters.FailedReporter@45e37a7e: 16 ms
13:12:52.976 [main] INFO  org.testng.internal.Utils - [TestNG] Time taken by org.testng.reporters.XMLReporter@68b6f0d6: 18 ms
13:12:52.990 [main] INFO  org.testng.internal.Utils - [TestNG] Time taken by org.testng.reporters.EmailableReporter2@4c398c80: 14 ms
13:12:53.008 [main] INFO  org.testng.internal.Utils - [TestNG] Time taken by org.testng.reporters.JUnitReportReporter@40cb698e: 18 ms
13:12:53.009 [main] INFO  org.testng.internal.Utils - [TestNG] Time taken by org.testng.internal.ExitCodeListener@3382f8ae: 0 ms
13:14:22.705 [main] INFO  org.testng.internal.Utils - [TestNG] Running:
  C:\Users\Hajira\SecurdenWorkspace\FrameworkPractice\Master.xml

13:17:01.827 [main] INFO  org.testng.internal.Utils - [TestNG] Running:
  C:\Users\Hajira\SecurdenWorkspace\FrameworkPractice\Master.xml

14:50:53.897 [main] INFO  org.testng.internal.Utils - [Utils] MethodGroupsHelper.collectMethodsByGroup() took 3 ms.
14:50:53.920 [main] INFO  org.testng.internal.Utils - [Utils] MethodGroupsHelper.sortMethods() took 4 ms.
14:50:53.925 [main] INFO  org.testng.internal.Utils - [Utils] MethodGroupsHelper.collectMethodsByGroup() took 0 ms.
14:50:53.926 [main] INFO  org.testng.internal.Utils - [Utils] MethodGroupsHelper.sortMethods() took 0 ms.
14:50:53.927 [main] INFO  org.testng.internal.Utils - [Utils] MethodGroupsHelper.collectMethodsByGroup() took 0 ms.
14:50:53.928 [main] INFO  org.testng.internal.Utils - [Utils] MethodGroupsHelper.sortMethods() took 0 ms.
14:50:53.929 [main] INFO  org.testng.internal.Utils - [Utils] MethodGroupsHelper.collectMethodsByGroup() took 0 ms.
14:50:53.929 [main] INFO  org.testng.internal.Utils - [Utils] MethodGroupsHelper.sortMethods() took 0 ms.
14:50:53.946 [main] INFO  org.testng.internal.Utils - [Utils] MethodGroupsHelper.collectMethodsByGroup() took 12 ms.
14:50:53.969 [main] INFO  org.testng.internal.Utils - [Utils] MethodGroupsHelper.sortMethods() took 23 ms.
14:50:53.973 [main] INFO  org.testng.internal.Utils - [Utils] MethodGroupsHelper.collectMethodsByGroup() took 0 ms.
14:50:53.974 [main] INFO  org.testng.internal.Utils - [Utils] MethodGroupsHelper.sortMethods() took 0 ms.
14:50:53.981 [main] INFO  org.testng.internal.Utils - [Utils] MethodGroupsHelper.collectMethodsByGroup() took 0 ms.
14:50:53.982 [main] INFO  org.testng.internal.Utils - [Utils] MethodGroupsHelper.sortMethods() took 0 ms.
14:50:53.984 [main] INFO  org.testng.internal.Utils - [Utils] MethodGroupsHelper.collectMethodsByGroup() took 0 ms.
14:50:53.984 [main] INFO  org.testng.internal.Utils - [Utils] MethodGroupsHelper.sortMethods() took 0 ms.
14:50:53.990 [main] INFO  org.testng.internal.Utils - [Utils] MethodGroupsHelper.collectMethodsByGroup() took 0 ms.
14:50:53.991 [main] INFO  org.testng.internal.Utils - [Utils] MethodGroupsHelper.sortMethods() took 0 ms.
14:50:53.991 [main] INFO  org.testng.internal.Utils - [Utils] MethodGroupsHelper.collectMethodsByGroup() took 0 ms.
14:50:53.991 [main] INFO  org.testng.internal.Utils - [Utils] MethodGroupsHelper.sortMethods() took 0 ms.
14:50:53.997 [main] INFO  org.testng.internal.Utils - [Utils] MethodGroupsHelper.collectMethodsByGroup() took 0 ms.
14:50:53.998 [main] INFO  org.testng.internal.Utils - [Utils] MethodGroupsHelper.sortMethods() took 0 ms.
14:50:53.998 [main] INFO  org.testng.internal.Utils - [Utils] MethodGroupsHelper.collectMethodsByGroup() took 0 ms.
14:50:53.998 [main] INFO  org.testng.internal.Utils - [Utils] MethodGroupsHelper.sortMethods() took 0 ms.
14:50:54.000 [main] INFO  org.testng.internal.Utils - [Utils] MethodGroupsHelper.collectMethodsByGroup() took 0 ms.
14:50:54.002 [main] INFO  org.testng.internal.Utils - [Utils] MethodGroupsHelper.sortMethods() took 0 ms.
14:50:54.006 [main] INFO  org.testng.internal.Utils - [Utils] MethodGroupsHelper.collectMethodsByGroup() took 0 ms.
14:50:54.007 [main] INFO  org.testng.internal.Utils - [Utils] MethodGroupsHelper.sortMethods() took 0 ms.
14:50:54.007 [main] INFO  org.testng.internal.Utils - [Utils] MethodGroupsHelper.collectMethodsByGroup() took 0 ms.
14:50:54.007 [main] INFO  org.testng.internal.Utils - [Utils] MethodGroupsHelper.sortMethods() took 0 ms.
14:50:54.032 [main] INFO  org.testng.internal.Utils - [TestNG] Running:
  C:\Users\Hajira\AppData\Local\Temp\testng-eclipse-1048306029\testng-customsuite.xml

14:50:54.081 [main] INFO  org.testng.internal.Utils - [Utils] DynamicGraphHelper.createDynamicGraph() took 12 ms.
14:50:56.485 [main] INFO  org.testng.internal.Utils - [TestNG] Time taken by org.testng.reporters.jq.Main@2a2c13a8: 902 ms
14:50:56.551 [main] INFO  org.testng.internal.Utils - [TestNG] Time taken by org.testng.reporters.FailedReporter@45e37a7e: 65 ms
14:50:56.612 [main] INFO  org.testng.internal.Utils - [TestNG] Time taken by org.testng.reporters.XMLReporter@68b6f0d6: 61 ms
14:50:56.728 [main] INFO  org.testng.internal.Utils - [TestNG] Time taken by org.testng.reporters.EmailableReporter2@4c398c80: 114 ms
14:50:56.797 [main] INFO  org.testng.internal.Utils - [TestNG] Time taken by org.testng.reporters.JUnitReportReporter@3382f8ae: 69 ms
14:50:56.798 [main] INFO  org.testng.internal.Utils - [TestNG] Time taken by org.testng.internal.ExitCodeListener@60641ec8: 0 ms
14:51:13.659 [main] INFO  org.testng.internal.Utils - [TestNG] Running:
  C:\Users\Hajira\SecurdenWorkspace\FrameworkPractice\Master.xml

14:58:08.856 [main] INFO  org.testng.internal.Utils - [TestNG] Running:
  C:\Users\Hajira\SecurdenWorkspace\FrameworkPractice\Master.xml

15:05:18.001 [main] INFO  org.testng.internal.Utils - [TestNG] Running:
  C:\Users\Hajira\SecurdenWorkspace\FrameworkPractice\Master.xml

15:05:22.937 [main] INFO  testCases.TC002_Login - **TC002_Login testcase started**
15:05:23.405 [main] INFO  testCases.TC002_Login - Clicked on login link
15:05:23.550 [main] INFO  testCases.TC002_Login - Entered email into Email textfield
15:05:23.656 [main] INFO  testCases.TC002_Login - Entered password into Password textfield
15:05:23.717 [main] INFO  testCases.TC002_Login - Clicked on Login button
15:05:24.446 [main] INFO  testCases.TC002_Login - Succesfully logged in
15:05:24.446 [main] INFO  testCases.TC002_Login - Testcase Passed
15:05:24.446 [main] INFO  testCases.TC002_Login - Execution Completed
17:36:24.345 [main] INFO  org.testng.internal.Utils - [TestNG] Running:
  C:\Users\Hajira\SecurdenWorkspace\FrameworkPractice\Master.xml

17:36:37.680 [main] INFO  testCases.TC003_LoginDDT - ***TC003_LoginDDT Testcase Started***
17:36:38.483 [main] INFO  testCases.TC003_LoginDDT - Clicked on login link
17:36:38.854 [main] INFO  testCases.TC003_LoginDDT - ***TC003_LoginDDT Testcase Started***
17:36:39.535 [main] INFO  testCases.TC003_LoginDDT - Clicked on login link
17:36:39.729 [main] INFO  testCases.TC003_LoginDDT - ***TC003_LoginDDT Testcase Started***
17:36:40.342 [main] INFO  testCases.TC003_LoginDDT - Clicked on login link
17:41:42.843 [main] INFO  org.testng.internal.Utils - [TestNG] Running:
  C:\Users\Hajira\SecurdenWorkspace\FrameworkPractice\Master.xml

17:41:54.366 [main] INFO  testCases.TC003_LoginDDT - ***TC003_LoginDDT Testcase Started***
17:41:55.285 [main] INFO  testCases.TC003_LoginDDT - Clicked on login link
17:41:55.715 [main] INFO  testCases.TC003_LoginDDT - Entered email into Email textfield
17:41:56.012 [main] INFO  testCases.TC003_LoginDDT - Entered password into Password textfield
17:41:57.157 [main] INFO  testCases.TC003_LoginDDT - Clicked on Login button
17:41:58.282 [main] INFO  testCases.TC003_LoginDDT - ***TC003_LoginDDT Testcase Started***
17:41:58.934 [main] INFO  testCases.TC003_LoginDDT - Clicked on login link
17:41:59.400 [main] INFO  testCases.TC003_LoginDDT - Entered email into Email textfield
17:41:59.838 [main] INFO  testCases.TC003_LoginDDT - Entered password into Password textfield
17:42:01.001 [main] INFO  testCases.TC003_LoginDDT - Clicked on Login button
17:42:02.685 [main] INFO  testCases.TC003_LoginDDT - ***TC003_LoginDDT Testcase Started***
17:42:03.958 [main] INFO  testCases.TC003_LoginDDT - Clicked on login link
17:42:04.664 [main] INFO  testCases.TC003_LoginDDT - Entered email into Email textfield
17:42:05.171 [main] INFO  testCases.TC003_LoginDDT - Entered password into Password textfield
17:42:06.043 [main] INFO  testCases.TC003_LoginDDT - Clicked on Login button
17:55:03.401 [main] INFO  org.testng.internal.Utils - [TestNG] Running:
  C:\Users\Hajira\SecurdenWorkspace\FrameworkPractice\Master.xml

17:55:09.440 [main] INFO  testCases.TC003_LoginDDT - ***TC003_LoginDDT Testcase Started***
17:55:09.926 [main] INFO  testCases.TC003_LoginDDT - Clicked on login link
17:55:10.040 [main] INFO  testCases.TC003_LoginDDT - Entered email into Email textfield
17:55:10.162 [main] INFO  testCases.TC003_LoginDDT - Entered password into Password textfield
17:55:10.884 [main] INFO  testCases.TC003_LoginDDT - Clicked on Login button
17:55:11.690 [main] INFO  testCases.TC003_LoginDDT - Passed
17:55:11.690 [main] INFO  testCases.TC003_LoginDDT - ***TC003_LoginDDT Testcase completed.***
17:55:11.698 [main] INFO  testCases.TC003_LoginDDT - ***TC003_LoginDDT Testcase Started***
17:55:12.169 [main] INFO  testCases.TC003_LoginDDT - Clicked on login link
17:55:12.261 [main] INFO  testCases.TC003_LoginDDT - Entered email into Email textfield
17:55:12.419 [main] INFO  testCases.TC003_LoginDDT - Entered password into Password textfield
17:55:13.165 [main] INFO  testCases.TC003_LoginDDT - Clicked on Login button
17:55:13.903 [main] INFO  testCases.TC003_LoginDDT - ***TC003_LoginDDT Testcase Started***
17:55:14.462 [main] INFO  testCases.TC003_LoginDDT - Clicked on login link
17:55:14.558 [main] INFO  testCases.TC003_LoginDDT - Entered email into Email textfield
17:55:14.652 [main] INFO  testCases.TC003_LoginDDT - Entered password into Password textfield
17:55:15.146 [main] INFO  testCases.TC003_LoginDDT - Clicked on Login button
17:55:56.458 [main] INFO  org.testng.internal.Utils - [TestNG] Running:
  C:\Users\Hajira\SecurdenWorkspace\FrameworkPractice\Master.xml

17:56:01.899 [main] INFO  testCases.TC003_LoginDDT - ***TC003_LoginDDT Testcase Started***
17:56:02.447 [main] INFO  testCases.TC003_LoginDDT - Clicked on login link
17:56:02.579 [main] INFO  testCases.TC003_LoginDDT - Entered email into Email textfield
17:56:02.670 [main] INFO  testCases.TC003_LoginDDT - Entered password into Password textfield
17:56:03.447 [main] INFO  testCases.TC003_LoginDDT - Clicked on Login button
17:56:04.294 [main] INFO  testCases.TC003_LoginDDT - Passed
17:56:04.295 [main] INFO  testCases.TC003_LoginDDT - ***TC003_LoginDDT Testcase completed.***
17:56:04.302 [main] INFO  testCases.TC003_LoginDDT - ***TC003_LoginDDT Testcase Started***
17:56:04.778 [main] INFO  testCases.TC003_LoginDDT - Clicked on login link
17:56:04.894 [main] INFO  testCases.TC003_LoginDDT - Entered email into Email textfield
17:56:04.993 [main] INFO  testCases.TC003_LoginDDT - Entered password into Password textfield
17:56:05.735 [main] INFO  testCases.TC003_LoginDDT - Clicked on Login button
17:56:06.525 [main] INFO  testCases.TC003_LoginDDT - ***TC003_LoginDDT Testcase Started***
17:56:06.975 [main] INFO  testCases.TC003_LoginDDT - Clicked on login link
17:56:07.093 [main] INFO  testCases.TC003_LoginDDT - Entered email into Email textfield
17:56:07.173 [main] INFO  testCases.TC003_LoginDDT - Entered password into Password textfield
17:56:07.589 [main] INFO  testCases.TC003_LoginDDT - Clicked on Login button
17:59:07.607 [main] INFO  testCases.TC003_LoginDDT - Passed
17:59:07.608 [main] INFO  testCases.TC003_LoginDDT - ***TC003_LoginDDT Testcase completed.***
15:20:04.883 [main] INFO  org.testng.internal.Utils - [TestNG] Running:
  C:\Users\Hajira\SecurdenWorkspace\FrameworkPractice\Grouping.xml

15:22:00.975 [main] INFO  org.testng.internal.Utils - [TestNG] Running:
  C:\Users\Hajira\SecurdenWorkspace\FrameworkPractice\Grouping.xml

15:24:30.462 [main] INFO  org.testng.internal.Utils - [TestNG] Running:
  C:\Users\Hajira\SecurdenWorkspace\FrameworkPractice\Grouping.xml

15:24:38.686 [main] INFO  testCases.TC001_Register - ***Testcase started TC001_Register  ***
15:24:39.524 [main] INFO  testCases.TC001_Register - Clicked on  Register link
15:24:39.848 [main] INFO  testCases.TC001_Register - Clicked on  radio button
15:24:43.235 [main] INFO  testCases.TC001_Register - Entered first name
15:24:46.574 [main] INFO  testCases.TC001_Register - Entered last name
15:24:50.094 [main] INFO  testCases.TC001_Register - Entered email id
15:24:56.863 [main] INFO  testCases.TC001_Register - Entered Pwd and Confirm pwd
15:25:00.926 [main] INFO  testCases.TC001_Register - Clicked on  Register liuttonnk
15:25:04.007 [main] INFO  testCases.TC001_Register - Gets the conmfirmation mesg
15:25:04.008 [main] ERROR testCases.TC001_Register - Test failed 
15:25:09.846 [main] INFO  testCases.TC002_Login - **TC002_Login testcase started**
15:25:10.743 [main] INFO  testCases.TC002_Login - Clicked on login link
15:25:11.227 [main] INFO  testCases.TC002_Login - Entered email into Email textfield
15:25:11.592 [main] INFO  testCases.TC002_Login - Entered password into Password textfield
15:25:12.632 [main] INFO  testCases.TC002_Login - Clicked on Login button
15:25:12.885 [main] INFO  testCases.TC002_Login - Execution Completed
15:49:30.177 [main] INFO  org.testng.internal.Utils - [TestNG] Running:
  C:\Users\Hajira\SecurdenWorkspace\FrameworkPractice\Grouping.xml

15:49:40.773 [main] INFO  testCases.TC001_Register - ***Testcase started TC001_Register  ***
15:49:42.289 [main] INFO  testCases.TC001_Register - Clicked on  Register link
15:49:42.784 [main] INFO  testCases.TC001_Register - Clicked on  radio button
15:49:46.198 [main] INFO  testCases.TC001_Register - Entered first name
15:49:49.650 [main] INFO  testCases.TC001_Register - Entered last name
15:49:53.246 [main] INFO  testCases.TC001_Register - Entered email id
15:49:59.824 [main] INFO  testCases.TC001_Register - Entered Pwd and Confirm pwd
15:50:03.971 [main] INFO  testCases.TC001_Register - Clicked on  Register liuttonnk
15:50:07.046 [main] INFO  testCases.TC001_Register - Gets the conmfirmation mesg
15:50:07.047 [main] ERROR testCases.TC001_Register - Test failed 
15:50:12.968 [main] INFO  testCases.TC002_Login - **TC002_Login testcase started**
15:50:15.260 [main] INFO  testCases.TC002_Login - Clicked on login link
15:50:15.693 [main] INFO  testCases.TC002_Login - Entered email into Email textfield
15:50:16.107 [main] INFO  testCases.TC002_Login - Entered password into Password textfield
15:50:17.173 [main] INFO  testCases.TC002_Login - Clicked on Login button
15:50:17.308 [main] INFO  testCases.TC002_Login - Execution Completed
18:45:48.937 [main] INFO  org.testng.internal.Utils - [TestNG] Running:
  C:\Users\Hajira\SecurdenWorkspace\FrameworkPractice\Grouping.xml

18:45:54.125 [main] INFO  testCases.TC001_Register - ***Testcase started TC001_Register  ***
18:45:54.672 [main] INFO  testCases.TC001_Register - Clicked on  Register link
18:45:54.764 [main] INFO  testCases.TC001_Register - Clicked on  radio button
18:45:57.875 [main] INFO  testCases.TC001_Register - Entered first name
18:46:00.988 [main] INFO  testCases.TC001_Register - Entered last name
18:46:04.094 [main] INFO  testCases.TC001_Register - Entered email id
18:46:10.445 [main] INFO  testCases.TC001_Register - Entered Pwd and Confirm pwd
18:46:14.430 [main] INFO  testCases.TC001_Register - Clicked on  Register liuttonnk
18:46:17.466 [main] INFO  testCases.TC001_Register - Gets the conmfirmation mesg
18:46:17.467 [main] ERROR testCases.TC001_Register - Test failed 
18:46:22.059 [main] INFO  testCases.TC002_Login - **TC002_Login testcase started**
18:46:22.545 [main] INFO  testCases.TC002_Login - Clicked on login link
18:46:22.757 [main] INFO  testCases.TC002_Login - Entered email into Email textfield
18:46:22.919 [main] INFO  testCases.TC002_Login - Entered password into Password textfield
18:46:22.973 [main] INFO  testCases.TC002_Login - Clicked on Login button
18:46:23.746 [main] INFO  testCases.TC002_Login - Execution Completed
19:13:52.136 [main] INFO  org.testng.internal.Utils - [TestNG] Running:
  C:\Users\Hajira\SecurdenWorkspace\FrameworkPractice\Master.xml

19:14:09.403 [main] INFO  testCases.TC003_LoginDDT - ***TC003_LoginDDT Testcase Started***
19:14:10.536 [main] INFO  testCases.TC003_LoginDDT - Clicked on login link
19:14:11.201 [main] INFO  testCases.TC003_LoginDDT - Entered email into Email textfield
19:14:11.713 [main] INFO  testCases.TC003_LoginDDT - Entered password into Password textfield
19:14:12.839 [main] INFO  testCases.TC003_LoginDDT - Clicked on Login button
19:14:14.389 [main] INFO  testCases.TC003_LoginDDT - Passed
19:14:14.390 [main] INFO  testCases.TC003_LoginDDT - ***TC003_LoginDDT Testcase completed.***
19:14:14.474 [main] INFO  testCases.TC003_LoginDDT - ***TC003_LoginDDT Testcase Started***
19:14:15.484 [main] INFO  testCases.TC003_LoginDDT - Clicked on login link
19:14:16.429 [main] INFO  testCases.TC003_LoginDDT - Entered email into Email textfield
19:14:17.434 [main] INFO  testCases.TC003_LoginDDT - Entered password into Password textfield
19:14:18.548 [main] INFO  testCases.TC003_LoginDDT - Clicked on Login button
19:14:20.599 [main] INFO  testCases.TC003_LoginDDT - ***TC003_LoginDDT Testcase Started***
19:14:21.571 [main] INFO  testCases.TC003_LoginDDT - Clicked on login link
19:14:22.581 [main] INFO  testCases.TC003_LoginDDT - Entered email into Email textfield
19:14:23.299 [main] INFO  testCases.TC003_LoginDDT - Entered password into Password textfield
19:14:23.718 [main] INFO  testCases.TC003_LoginDDT - Clicked on Login button
19:17:00.986 [main] INFO  org.testng.internal.Utils - [TestNG] Running:
  C:\Users\Hajira\SecurdenWorkspace\FrameworkPractice\Master.xml

19:17:04.146 [main] INFO  testCases.TC003_LoginDDT - Passed
19:17:04.164 [main] INFO  testCases.TC003_LoginDDT - ***TC003_LoginDDT Testcase completed.***
19:17:11.970 [main] INFO  testCases.TC002_Login - **TC002_Login testcase started**
19:17:13.885 [main] INFO  testCases.TC002_Login - Clicked on login link
19:17:14.719 [main] INFO  testCases.TC002_Login - Entered email into Email textfield
19:17:15.605 [main] INFO  testCases.TC002_Login - Entered password into Password textfield
19:17:17.339 [main] INFO  testCases.TC002_Login - Clicked on Login button
19:17:17.876 [main] INFO  testCases.TC002_Login - Execution Completed
17:40:03.565 [main] INFO  org.testng.internal.Utils - [TestNG] Running:
  C:\Users\Hajira\SecurdenWorkspace\FrameworkPractice\Master.xml

17:40:12.126 [main] INFO  testCases.TC002_Login - **TC002_Login testcase started**
17:40:14.553 [main] INFO  testCases.TC002_Login - Clicked on login link
17:40:15.319 [main] INFO  testCases.TC002_Login - Entered email into Email textfield
17:40:15.686 [main] INFO  testCases.TC002_Login - Entered password into Password textfield
17:40:16.308 [main] INFO  testCases.TC002_Login - Clicked on Login button
18:17:06.292 [main] INFO  org.testng.internal.Utils - [TestNG] Running:
  C:\Users\Hajira\SecurdenWorkspace\FrameworkPractice\Master.xml

18:17:13.403 [main] INFO  testCases.TC002_Login - **TC002_Login testcase started**
18:17:15.871 [main] INFO  testCases.TC002_Login - Clicked on login link
18:17:16.326 [main] INFO  testCases.TC002_Login - Entered email into Email textfield
18:17:16.678 [main] INFO  testCases.TC002_Login - Entered password into Password textfield
18:17:17.390 [main] INFO  testCases.TC002_Login - Clicked on Login button
18:27:55.807 [main] INFO  org.testng.internal.Utils - [TestNG] Running:
  C:\Users\Hajira\SecurdenWorkspace\FrameworkPractice\Master.xml

18:28:05.550 [main] INFO  testCases.TC002_Login - **TC002_Login testcase started**
18:28:06.604 [main] INFO  testCases.TC002_Login - Clicked on login link
18:28:07.122 [main] INFO  testCases.TC002_Login - Entered email into Email textfield
18:28:07.506 [main] INFO  testCases.TC002_Login - Entered password into Password textfield
18:28:08.325 [main] INFO  testCases.TC002_Login - Clicked on Login button
12:59:49.905 [main] INFO  org.testng.internal.Utils - [TestNG] Running:
  C:\Users\Hajira\SecurdenWorkspace\FrameworkPractice\Master.xml

13:00:07.404 [main] INFO  testCases.TC002_Login - **TC002_Login testcase started**
13:00:08.614 [main] INFO  testCases.TC002_Login - Clicked on login link
13:00:09.501 [main] INFO  testCases.TC002_Login - Entered email into Email textfield
13:00:10.139 [main] INFO  testCases.TC002_Login - Entered password into Password textfield
13:00:11.505 [main] INFO  testCases.TC002_Login - Clicked on Login button
15:36:11.866 [main] INFO  testCases.TC002_Login - **TC002_Login testcase started**
15:36:12.433 [main] INFO  testCases.TC002_Login - Clicked on login link
15:36:12.563 [main] INFO  testCases.TC002_Login - Entered email into Email textfield
15:36:12.661 [main] INFO  testCases.TC002_Login - Entered password into Password textfield
15:36:13.105 [main] INFO  testCases.TC002_Login - Clicked on Login button
15:41:41.211 [main] INFO  testCases.TC001_Register - ***Testcase started TC001_Register  ***
15:41:41.815 [main] INFO  testCases.TC001_Register - Clicked on  Register link
15:41:41.892 [main] INFO  testCases.TC001_Register - Clicked on  radio button
15:41:45.064 [main] INFO  testCases.TC001_Register - Entered first name
15:41:48.194 [main] INFO  testCases.TC001_Register - Entered last name
15:41:51.331 [main] INFO  testCases.TC001_Register - Entered email id
15:41:57.565 [main] INFO  testCases.TC001_Register - Entered Pwd and Confirm pwd
15:42:01.587 [main] INFO  testCases.TC001_Register - Clicked on  Register liuttonnk
15:42:04.626 [main] INFO  testCases.TC001_Register - Gets the conmfirmation mesg
15:42:04.626 [main] ERROR testCases.TC001_Register - Test failed 
15:42:08.889 [main] INFO  testCases.TC002_Login - **TC002_Login testcase started**
